<?xml version="1.0" encoding="UTF-8"?>
<testng-results ignored="0" total="1" passed="1" failed="0" skipped="0">
  <reporter-output>
  </reporter-output>
  <suite started-at="2023-07-19T12:36:46 IST" name="Default suite" finished-at="2023-07-19T12:36:50 IST" duration-ms="3472">
    <groups>
    </groups>
    <test started-at="2023-07-19T12:36:46 IST" name="Default test" finished-at="2023-07-19T12:36:50 IST" duration-ms="3472">
      <class name="driverFactory.DriveTest">
        <test-method is-config="true" signature="setUp()[pri:0, instance:driverFactory.DriveTest@2aceadd4]" started-at="2023-07-19T12:36:46 IST" name="setUp" finished-at="2023-07-19T12:36:49 IST" duration-ms="2955" status="PASS">
          <reporter-output>
          </reporter-output>
        </test-method> <!-- setUp -->
        <test-method signature="startTest()[pri:0, instance:driverFactory.DriveTest@2aceadd4]" started-at="2023-07-19T12:36:49 IST" name="startTest" finished-at="2023-07-19T12:36:50 IST" duration-ms="376" status="PASS">
          <reporter-output>
          </reporter-output>
        </test-method> <!-- startTest -->
        <test-method is-config="true" signature="tearDown()[pri:0, instance:driverFactory.DriveTest@2aceadd4]" started-at="2023-07-19T12:36:50 IST" name="tearDown" finished-at="2023-07-19T12:36:50 IST" duration-ms="112" status="PASS">
          <reporter-output>
          </reporter-output>
        </test-method> <!-- tearDown -->
      </class> <!-- driverFactory.DriveTest -->
    </test> <!-- Default test -->
  </suite> <!-- Default suite -->
</testng-results>
